2016-03-25 18:36:31 - Error processing the file:
Can not deserialize instance of java.lang.String out of START_OBJECT token
2016-03-25 21:23:23 - Error processing the file:
Can not deserialize instance of java.lang.String out of START_OBJECT token
2016-03-25 21:23:36 - Error processing the file:
Can not deserialize instance of java.lang.String out of START_OBJECT token
2016-03-26 17:16:52 - Error processing the file:
Can not deserialize instance of java.lang.String out of START_OBJECT token
2016-03-26 18:11:35 - An unexpected error occurred: null
	-> More info:
java.lang.NullPointerException
	at me.andrz.jackson.JsonReferenceProcessor.getAbsoluteRef(JsonReferenceProcessor.java:212)
	at me.andrz.jackson.JsonReferenceProcessor.getReplacementNode(JsonReferenceProcessor.java:188)
	at me.andrz.jackson.JsonReferenceProcessor.process(JsonReferenceProcessor.java:169)
	at me.andrz.jackson.JsonReferenceProcessor.process(JsonReferenceProcessor.java:107)
	at es.berry.restyle.utils.Json.resolveReferences(Json.java:25)
	at es.berry.restyle.core.Main.main(Main.java:98)
	at sun.reflect.NativeMethodAccessorImpl.invoke0(Native Method)
	at sun.reflect.NativeMethodAccessorImpl.invoke(NativeMethodAccessorImpl.java:62)
	at sun.reflect.DelegatingMethodAccessorImpl.invoke(DelegatingMethodAccessorImpl.java:43)
	at java.lang.reflect.Method.invoke(Method.java:498)
	at com.intellij.rt.execution.application.AppMain.main(AppMain.java:144)

2016-03-26 18:12:02 - An unexpected error occurred: null
	-> More info:
java.lang.NullPointerException
	at me.andrz.jackson.JsonReferenceProcessor.getAbsoluteRef(JsonReferenceProcessor.java:212)
	at me.andrz.jackson.JsonReferenceProcessor.getReplacementNode(JsonReferenceProcessor.java:188)
	at me.andrz.jackson.JsonReferenceProcessor.process(JsonReferenceProcessor.java:169)
	at me.andrz.jackson.JsonReferenceProcessor.process(JsonReferenceProcessor.java:107)
	at es.berry.restyle.utils.Json.resolveReferences(Json.java:26)
	at es.berry.restyle.core.Main.main(Main.java:98)
	at sun.reflect.NativeMethodAccessorImpl.invoke0(Native Method)
	at sun.reflect.NativeMethodAccessorImpl.invoke(NativeMethodAccessorImpl.java:62)
	at sun.reflect.DelegatingMethodAccessorImpl.invoke(DelegatingMethodAccessorImpl.java:43)
	at java.lang.reflect.Method.invoke(Method.java:498)
	at com.intellij.rt.execution.application.AppMain.main(AppMain.java:144)

2016-03-26 18:12:16 - An unexpected error occurred: null
	-> More info:
java.lang.NullPointerException
	at me.andrz.jackson.JsonReferenceProcessor.getAbsoluteRef(JsonReferenceProcessor.java:212)
	at me.andrz.jackson.JsonReferenceProcessor.getReplacementNode(JsonReferenceProcessor.java:188)
	at me.andrz.jackson.JsonReferenceProcessor.process(JsonReferenceProcessor.java:169)
	at me.andrz.jackson.JsonReferenceProcessor.process(JsonReferenceProcessor.java:107)
	at es.berry.restyle.utils.Json.resolveReferences(Json.java:26)
	at es.berry.restyle.core.Main.main(Main.java:98)
	at sun.reflect.NativeMethodAccessorImpl.invoke0(Native Method)
	at sun.reflect.NativeMethodAccessorImpl.invoke(NativeMethodAccessorImpl.java:62)
	at sun.reflect.DelegatingMethodAccessorImpl.invoke(DelegatingMethodAccessorImpl.java:43)
	at java.lang.reflect.Method.invoke(Method.java:498)
	at com.intellij.rt.execution.application.AppMain.main(AppMain.java:144)

2016-03-26 18:34:28 - An unexpected error occurred: The specified character set is not supported by this plugin. Choose one of UTF-8
	-> More info:
java.lang.IllegalArgumentException: The specified character set is not supported by this plugin. Choose one of UTF-8
	at es.berry.restyle.generators.MysqlHelper.adaptStandardName(MysqlHelper.java:30)
	at es.berry.restyle.generators.MysqlCreationScript.getInitialConfig(MysqlCreationScript.java:55)
	at es.berry.restyle.generators.MysqlCreationScript.generate(MysqlCreationScript.java:39)
	at es.berry.restyle.core.Main.main(Main.java:171)
	at sun.reflect.NativeMethodAccessorImpl.invoke0(Native Method)
	at sun.reflect.NativeMethodAccessorImpl.invoke(NativeMethodAccessorImpl.java:62)
	at sun.reflect.DelegatingMethodAccessorImpl.invoke(DelegatingMethodAccessorImpl.java:43)
	at java.lang.reflect.Method.invoke(Method.java:498)
	at com.intellij.rt.execution.application.AppMain.main(AppMain.java:144)

2016-03-26 18:37:39 - Error processing JsonNode when resolving its references: /tmp/spec.desc.json (No such file or directory)
	-> More info:
java.io.FileNotFoundException: /tmp/spec.desc.json (No such file or directory)
	at java.io.FileInputStream.open0(Native Method)
	at java.io.FileInputStream.open(FileInputStream.java:195)
	at java.io.FileInputStream.<init>(FileInputStream.java:138)
	at java.io.FileInputStream.<init>(FileInputStream.java:93)
	at com.fasterxml.jackson.core.JsonFactory._optimizedStreamFromURL(JsonFactory.java:1471)
	at com.fasterxml.jackson.core.JsonFactory.createParser(JsonFactory.java:780)
	at com.fasterxml.jackson.databind.ObjectMapper.readTree(ObjectMapper.java:2401)
	at me.andrz.jackson.JsonReferenceProcessor.putIntoCache(JsonReferenceProcessor.java:301)
	at me.andrz.jackson.JsonReferenceProcessor.read(JsonReferenceProcessor.java:274)
	at me.andrz.jackson.JsonReferenceProcessor.resolveFromContextToContext(JsonReferenceProcessor.java:240)
	at me.andrz.jackson.JsonReferenceProcessor.getReplacementNode(JsonReferenceProcessor.java:198)
	at me.andrz.jackson.JsonReferenceProcessor.process(JsonReferenceProcessor.java:169)
	at me.andrz.jackson.JsonReferenceProcessor.process(JsonReferenceProcessor.java:107)
	at me.andrz.jackson.JsonReferenceProcessor.process(JsonReferenceProcessor.java:90)
	at es.berry.restyle.utils.Json.resolveReferences(Json.java:29)
	at es.berry.restyle.core.Main.main(Main.java:98)
	at sun.reflect.NativeMethodAccessorImpl.invoke0(Native Method)
	at sun.reflect.NativeMethodAccessorImpl.invoke(NativeMethodAccessorImpl.java:62)
	at sun.reflect.DelegatingMethodAccessorImpl.invoke(DelegatingMethodAccessorImpl.java:43)
	at java.lang.reflect.Method.invoke(Method.java:498)
	at com.intellij.rt.execution.application.AppMain.main(AppMain.java:144)

2016-03-26 18:38:38 - Error processing JsonNode when resolving its references: /tmp/spec.desc.json (No such file or directory)
	-> More info:
java.io.FileNotFoundException: /tmp/spec.desc.json (No such file or directory)
	at java.io.FileInputStream.open0(Native Method)
	at java.io.FileInputStream.open(FileInputStream.java:195)
	at java.io.FileInputStream.<init>(FileInputStream.java:138)
	at java.io.FileInputStream.<init>(FileInputStream.java:93)
	at com.fasterxml.jackson.core.JsonFactory._optimizedStreamFromURL(JsonFactory.java:1471)
	at com.fasterxml.jackson.core.JsonFactory.createParser(JsonFactory.java:780)
	at com.fasterxml.jackson.databind.ObjectMapper.readTree(ObjectMapper.java:2401)
	at me.andrz.jackson.JsonReferenceProcessor.putIntoCache(JsonReferenceProcessor.java:301)
	at me.andrz.jackson.JsonReferenceProcessor.read(JsonReferenceProcessor.java:274)
	at me.andrz.jackson.JsonReferenceProcessor.resolveFromContextToContext(JsonReferenceProcessor.java:240)
	at me.andrz.jackson.JsonReferenceProcessor.getReplacementNode(JsonReferenceProcessor.java:198)
	at me.andrz.jackson.JsonReferenceProcessor.process(JsonReferenceProcessor.java:169)
	at me.andrz.jackson.JsonReferenceProcessor.process(JsonReferenceProcessor.java:107)
	at me.andrz.jackson.JsonReferenceProcessor.process(JsonReferenceProcessor.java:90)
	at es.berry.restyle.utils.Json.resolveReferences(Json.java:29)
	at es.berry.restyle.core.Main.main(Main.java:98)
	at sun.reflect.NativeMethodAccessorImpl.invoke0(Native Method)
	at sun.reflect.NativeMethodAccessorImpl.invoke(NativeMethodAccessorImpl.java:62)
	at sun.reflect.DelegatingMethodAccessorImpl.invoke(DelegatingMethodAccessorImpl.java:43)
	at java.lang.reflect.Method.invoke(Method.java:498)
	at com.intellij.rt.execution.application.AppMain.main(AppMain.java:144)

2016-03-26 18:42:29 - Error processing JsonNode when resolving its references: /spec.desc.json (No such file or directory)
	-> More info:
java.io.FileNotFoundException: /spec.desc.json (No such file or directory)
	at java.io.FileInputStream.open0(Native Method)
	at java.io.FileInputStream.open(FileInputStream.java:195)
	at java.io.FileInputStream.<init>(FileInputStream.java:138)
	at java.io.FileInputStream.<init>(FileInputStream.java:93)
	at com.fasterxml.jackson.core.JsonFactory._optimizedStreamFromURL(JsonFactory.java:1471)
	at com.fasterxml.jackson.core.JsonFactory.createParser(JsonFactory.java:780)
	at com.fasterxml.jackson.databind.ObjectMapper.readTree(ObjectMapper.java:2401)
	at me.andrz.jackson.JsonReferenceProcessor.putIntoCache(JsonReferenceProcessor.java:301)
	at me.andrz.jackson.JsonReferenceProcessor.read(JsonReferenceProcessor.java:274)
	at me.andrz.jackson.JsonReferenceProcessor.resolveFromContextToContext(JsonReferenceProcessor.java:240)
	at me.andrz.jackson.JsonReferenceProcessor.getReplacementNode(JsonReferenceProcessor.java:198)
	at me.andrz.jackson.JsonReferenceProcessor.process(JsonReferenceProcessor.java:169)
	at me.andrz.jackson.JsonReferenceProcessor.process(JsonReferenceProcessor.java:107)
	at me.andrz.jackson.JsonReferenceProcessor.process(JsonReferenceProcessor.java:90)
	at es.berry.restyle.utils.Json.resolveReferences(Json.java:30)
	at es.berry.restyle.core.Main.main(Main.java:98)
	at sun.reflect.NativeMethodAccessorImpl.invoke0(Native Method)
	at sun.reflect.NativeMethodAccessorImpl.invoke(NativeMethodAccessorImpl.java:62)
	at sun.reflect.DelegatingMethodAccessorImpl.invoke(DelegatingMethodAccessorImpl.java:43)
	at java.lang.reflect.Method.invoke(Method.java:498)
	at com.intellij.rt.execution.application.AppMain.main(AppMain.java:144)

2016-03-26 18:42:39 - Error processing JsonNode when resolving its references: /tmp/spec.desc.json (No such file or directory)
	-> More info:
java.io.FileNotFoundException: /tmp/spec.desc.json (No such file or directory)
	at java.io.FileInputStream.open0(Native Method)
	at java.io.FileInputStream.open(FileInputStream.java:195)
	at java.io.FileInputStream.<init>(FileInputStream.java:138)
	at java.io.FileInputStream.<init>(FileInputStream.java:93)
	at com.fasterxml.jackson.core.JsonFactory._optimizedStreamFromURL(JsonFactory.java:1471)
	at com.fasterxml.jackson.core.JsonFactory.createParser(JsonFactory.java:780)
	at com.fasterxml.jackson.databind.ObjectMapper.readTree(ObjectMapper.java:2401)
	at me.andrz.jackson.JsonReferenceProcessor.putIntoCache(JsonReferenceProcessor.java:301)
	at me.andrz.jackson.JsonReferenceProcessor.read(JsonReferenceProcessor.java:274)
	at me.andrz.jackson.JsonReferenceProcessor.resolveFromContextToContext(JsonReferenceProcessor.java:240)
	at me.andrz.jackson.JsonReferenceProcessor.getReplacementNode(JsonReferenceProcessor.java:198)
	at me.andrz.jackson.JsonReferenceProcessor.process(JsonReferenceProcessor.java:169)
	at me.andrz.jackson.JsonReferenceProcessor.process(JsonReferenceProcessor.java:107)
	at me.andrz.jackson.JsonReferenceProcessor.process(JsonReferenceProcessor.java:90)
	at es.berry.restyle.utils.Json.resolveReferences(Json.java:30)
	at es.berry.restyle.core.Main.main(Main.java:98)
	at sun.reflect.NativeMethodAccessorImpl.invoke0(Native Method)
	at sun.reflect.NativeMethodAccessorImpl.invoke(NativeMethodAccessorImpl.java:62)
	at sun.reflect.DelegatingMethodAccessorImpl.invoke(DelegatingMethodAccessorImpl.java:43)
	at java.lang.reflect.Method.invoke(Method.java:498)
	at com.intellij.rt.execution.application.AppMain.main(AppMain.java:144)

2016-03-26 19:24:31 - Error processing JsonNode when resolving its references: Unexpected character ('/' (code 47)): maybe a (non-standard) comment? (not recognized as one since Feature 'ALLOW_COMMENTS' not enabled for parser)
 at [Source: file:/home/daniel/Code/RESTyle/Engine/src/main/resources/examples/spec.json; line: 3, column: 6]
	-> More info:
com.fasterxml.jackson.core.JsonParseException: Unexpected character ('/' (code 47)): maybe a (non-standard) comment? (not recognized as one since Feature 'ALLOW_COMMENTS' not enabled for parser)
 at [Source: file:/home/daniel/Code/RESTyle/Engine/src/main/resources/examples/spec.json; line: 3, column: 6]
	at com.fasterxml.jackson.core.JsonParser._constructError(JsonParser.java:1586)
	at com.fasterxml.jackson.core.base.ParserMinimalBase._reportError(ParserMinimalBase.java:521)
	at com.fasterxml.jackson.core.base.ParserMinimalBase._reportUnexpectedChar(ParserMinimalBase.java:450)
	at com.fasterxml.jackson.core.json.UTF8StreamJsonParser._skipComment(UTF8StreamJsonParser.java:3044)
	at com.fasterxml.jackson.core.json.UTF8StreamJsonParser._skipWS2(UTF8StreamJsonParser.java:2842)
	at com.fasterxml.jackson.core.json.UTF8StreamJsonParser._skipWS(UTF8StreamJsonParser.java:2818)
	at com.fasterxml.jackson.core.json.UTF8StreamJsonParser.nextFieldName(UTF8StreamJsonParser.java:1012)
	at com.fasterxml.jackson.databind.deser.std.BaseNodeDeserializer.deserializeObject(JsonNodeDeserializer.java:219)
	at com.fasterxml.jackson.databind.deser.std.JsonNodeDeserializer.deserialize(JsonNodeDeserializer.java:69)
	at com.fasterxml.jackson.databind.deser.std.JsonNodeDeserializer.deserialize(JsonNodeDeserializer.java:15)
	at com.fasterxml.jackson.databind.ObjectMapper._readMapAndClose(ObjectMapper.java:3789)
	at com.fasterxml.jackson.databind.ObjectMapper.readTree(ObjectMapper.java:2401)
	at me.andrz.jackson.JsonContext.getNode(JsonContext.java:54)
	at me.andrz.jackson.JsonReferenceProcessor.process(JsonReferenceProcessor.java:107)
	at me.andrz.jackson.JsonReferenceProcessor.process(JsonReferenceProcessor.java:90)
	at es.berry.restyle.utils.Json.resolveReferences(Json.java:22)
	at es.berry.restyle.core.Main.main(Main.java:98)
	at sun.reflect.NativeMethodAccessorImpl.invoke0(Native Method)
	at sun.reflect.NativeMethodAccessorImpl.invoke(NativeMethodAccessorImpl.java:62)
	at sun.reflect.DelegatingMethodAccessorImpl.invoke(DelegatingMethodAccessorImpl.java:43)
	at java.lang.reflect.Method.invoke(Method.java:498)
	at com.intellij.rt.execution.application.AppMain.main(AppMain.java:144)

2016-03-26 19:31:04 - Error processing JsonNode when resolving its references: Unexpected character ('/' (code 47)): maybe a (non-standard) comment? (not recognized as one since Feature 'ALLOW_COMMENTS' not enabled for parser)
 at [Source: file:/home/daniel/Code/RESTyle/Engine/src/main/resources/examples/spec.json; line: 3, column: 6]
	-> More info:
com.fasterxml.jackson.core.JsonParseException: Unexpected character ('/' (code 47)): maybe a (non-standard) comment? (not recognized as one since Feature 'ALLOW_COMMENTS' not enabled for parser)
 at [Source: file:/home/daniel/Code/RESTyle/Engine/src/main/resources/examples/spec.json; line: 3, column: 6]
	at com.fasterxml.jackson.core.JsonParser._constructError(JsonParser.java:1586)
	at com.fasterxml.jackson.core.base.ParserMinimalBase._reportError(ParserMinimalBase.java:521)
	at com.fasterxml.jackson.core.base.ParserMinimalBase._reportUnexpectedChar(ParserMinimalBase.java:450)
	at com.fasterxml.jackson.core.json.UTF8StreamJsonParser._skipComment(UTF8StreamJsonParser.java:3044)
	at com.fasterxml.jackson.core.json.UTF8StreamJsonParser._skipWS2(UTF8StreamJsonParser.java:2842)
	at com.fasterxml.jackson.core.json.UTF8StreamJsonParser._skipWS(UTF8StreamJsonParser.java:2818)
	at com.fasterxml.jackson.core.json.UTF8StreamJsonParser.nextFieldName(UTF8StreamJsonParser.java:1012)
	at com.fasterxml.jackson.databind.deser.std.BaseNodeDeserializer.deserializeObject(JsonNodeDeserializer.java:219)
	at com.fasterxml.jackson.databind.deser.std.JsonNodeDeserializer.deserialize(JsonNodeDeserializer.java:69)
	at com.fasterxml.jackson.databind.deser.std.JsonNodeDeserializer.deserialize(JsonNodeDeserializer.java:15)
	at com.fasterxml.jackson.databind.ObjectMapper._readMapAndClose(ObjectMapper.java:3789)
	at com.fasterxml.jackson.databind.ObjectMapper.readTree(ObjectMapper.java:2401)
	at me.andrz.jackson.JsonContext.getNode(JsonContext.java:54)
	at me.andrz.jackson.JsonReferenceProcessor.process(JsonReferenceProcessor.java:107)
	at me.andrz.jackson.JsonReferenceProcessor.process(JsonReferenceProcessor.java:90)
	at es.berry.restyle.utils.Json.resolveReferences(Json.java:22)
	at es.berry.restyle.core.Main.main(Main.java:98)
	at sun.reflect.NativeMethodAccessorImpl.invoke0(Native Method)
	at sun.reflect.NativeMethodAccessorImpl.invoke(NativeMethodAccessorImpl.java:62)
	at sun.reflect.DelegatingMethodAccessorImpl.invoke(DelegatingMethodAccessorImpl.java:43)
	at java.lang.reflect.Method.invoke(Method.java:498)
	at com.intellij.rt.execution.application.AppMain.main(AppMain.java:144)

2016-03-26 20:24:23 - Error processing JsonNode when resolving its references: Unexpected character ('"' (code 34)): was expecting comma to separate OBJECT entries
 at [Source: file:/home/daniel/Code/RESTyle/Engine/src/main/resources/examples/spec.json; line: 5, column: 6]
	-> More info:
com.fasterxml.jackson.core.JsonParseException: Unexpected character ('"' (code 34)): was expecting comma to separate OBJECT entries
 at [Source: file:/home/daniel/Code/RESTyle/Engine/src/main/resources/examples/spec.json; line: 5, column: 6]
	at com.fasterxml.jackson.core.JsonParser._constructError(JsonParser.java:1586)
	at com.fasterxml.jackson.core.base.ParserMinimalBase._reportError(ParserMinimalBase.java:521)
	at com.fasterxml.jackson.core.base.ParserMinimalBase._reportUnexpectedChar(ParserMinimalBase.java:450)
	at com.fasterxml.jackson.core.json.UTF8StreamJsonParser.nextFieldName(UTF8StreamJsonParser.java:1010)
	at com.fasterxml.jackson.databind.deser.std.BaseNodeDeserializer.deserializeObject(JsonNodeDeserializer.java:219)
	at com.fasterxml.jackson.databind.deser.std.JsonNodeDeserializer.deserialize(JsonNodeDeserializer.java:69)
	at com.fasterxml.jackson.databind.deser.std.JsonNodeDeserializer.deserialize(JsonNodeDeserializer.java:15)
	at com.fasterxml.jackson.databind.ObjectMapper._readMapAndClose(ObjectMapper.java:3789)
	at com.fasterxml.jackson.databind.ObjectMapper.readTree(ObjectMapper.java:2401)
	at me.andrz.jackson.JsonContext.getNode(JsonContext.java:54)
	at me.andrz.jackson.JsonReferenceProcessor.process(JsonReferenceProcessor.java:107)
	at me.andrz.jackson.JsonReferenceProcessor.process(JsonReferenceProcessor.java:90)
	at es.berry.restyle.utils.Json.resolveReferences(Json.java:31)
	at es.berry.restyle.core.Main.main(Main.java:98)
	at sun.reflect.NativeMethodAccessorImpl.invoke0(Native Method)
	at sun.reflect.NativeMethodAccessorImpl.invoke(NativeMethodAccessorImpl.java:62)
	at sun.reflect.DelegatingMethodAccessorImpl.invoke(DelegatingMethodAccessorImpl.java:43)
	at java.lang.reflect.Method.invoke(Method.java:498)
	at com.intellij.rt.execution.application.AppMain.main(AppMain.java:144)

2016-03-26 20:25:10 - Error processing JSON file: Unexpected character ('"' (code 34)): was expecting comma to separate OBJECT entries
 at [Source: file:/home/daniel/Code/RESTyle/Engine/src/main/resources/examples/spec.json; line: 5, column: 6]
	-> More info:
com.fasterxml.jackson.core.JsonParseException: Unexpected character ('"' (code 34)): was expecting comma to separate OBJECT entries
 at [Source: file:/home/daniel/Code/RESTyle/Engine/src/main/resources/examples/spec.json; line: 5, column: 6]
	at com.fasterxml.jackson.core.JsonParser._constructError(JsonParser.java:1586)
	at com.fasterxml.jackson.core.base.ParserMinimalBase._reportError(ParserMinimalBase.java:521)
	at com.fasterxml.jackson.core.base.ParserMinimalBase._reportUnexpectedChar(ParserMinimalBase.java:450)
	at com.fasterxml.jackson.core.json.UTF8StreamJsonParser.nextFieldName(UTF8StreamJsonParser.java:1010)
	at com.fasterxml.jackson.databind.deser.std.BaseNodeDeserializer.deserializeObject(JsonNodeDeserializer.java:219)
	at com.fasterxml.jackson.databind.deser.std.JsonNodeDeserializer.deserialize(JsonNodeDeserializer.java:69)
	at com.fasterxml.jackson.databind.deser.std.JsonNodeDeserializer.deserialize(JsonNodeDeserializer.java:15)
	at com.fasterxml.jackson.databind.ObjectMapper._readMapAndClose(ObjectMapper.java:3789)
	at com.fasterxml.jackson.databind.ObjectMapper.readTree(ObjectMapper.java:2401)
	at me.andrz.jackson.JsonContext.getNode(JsonContext.java:54)
	at me.andrz.jackson.JsonReferenceProcessor.process(JsonReferenceProcessor.java:107)
	at me.andrz.jackson.JsonReferenceProcessor.process(JsonReferenceProcessor.java:90)
	at es.berry.restyle.utils.Json.resolveReferences(Json.java:31)
	at es.berry.restyle.core.Main.main(Main.java:98)
	at sun.reflect.NativeMethodAccessorImpl.invoke0(Native Method)
	at sun.reflect.NativeMethodAccessorImpl.invoke(NativeMethodAccessorImpl.java:62)
	at sun.reflect.DelegatingMethodAccessorImpl.invoke(DelegatingMethodAccessorImpl.java:43)
	at java.lang.reflect.Method.invoke(Method.java:498)
	at com.intellij.rt.execution.application.AppMain.main(AppMain.java:144)

2016-03-26 20:27:04 - An unexpected error occurred: unhandled token type NOT_AVAILABLE
	-> More info:
java.lang.NullPointerException: unhandled token type NOT_AVAILABLE
	at com.google.common.base.Preconditions.checkNotNull(Preconditions.java:229)
	at com.github.fge.jackson.NodeType.getNodeType(NodeType.java:144)
	at com.github.fge.jsonschema.processors.data.SchemaContext.<init>(SchemaContext.java:49)
	at com.github.fge.jsonschema.processors.validation.InstanceValidator.process(InstanceValidator.java:104)
	at com.github.fge.jsonschema.processors.validation.InstanceValidator.processObject(InstanceValidator.java:218)
	at com.github.fge.jsonschema.processors.validation.InstanceValidator.process(InstanceValidator.java:151)
	at com.github.fge.jsonschema.processors.validation.ValidationProcessor.process(ValidationProcessor.java:56)
	at com.github.fge.jsonschema.processors.validation.ValidationProcessor.process(ValidationProcessor.java:34)
	at com.github.fge.jsonschema.core.processing.ProcessingResult.of(ProcessingResult.java:79)
	at com.github.fge.jsonschema.main.JsonSchema.doValidate(JsonSchema.java:76)
	at com.github.fge.jsonschema.main.JsonSchema.validate(JsonSchema.java:109)
	at com.github.fge.jsonschema.main.JsonSchema.validate(JsonSchema.java:125)
	at es.berry.restyle.core.Main.main(Main.java:123)
	at sun.reflect.NativeMethodAccessorImpl.invoke0(Native Method)
	at sun.reflect.NativeMethodAccessorImpl.invoke(NativeMethodAccessorImpl.java:62)
	at sun.reflect.DelegatingMethodAccessorImpl.invoke(DelegatingMethodAccessorImpl.java:43)
	at java.lang.reflect.Method.invoke(Method.java:498)
	at com.intellij.rt.execution.application.AppMain.main(AppMain.java:144)

2016-03-26 20:28:51 - An unexpected error occurred: unhandled token type NOT_AVAILABLE
	-> More info:
java.lang.NullPointerException: unhandled token type NOT_AVAILABLE
	at com.google.common.base.Preconditions.checkNotNull(Preconditions.java:229)
	at com.github.fge.jackson.NodeType.getNodeType(NodeType.java:144)
	at com.github.fge.jsonschema.processors.data.SchemaContext.<init>(SchemaContext.java:49)
	at com.github.fge.jsonschema.processors.validation.InstanceValidator.process(InstanceValidator.java:104)
	at com.github.fge.jsonschema.processors.validation.InstanceValidator.processObject(InstanceValidator.java:218)
	at com.github.fge.jsonschema.processors.validation.InstanceValidator.process(InstanceValidator.java:151)
	at com.github.fge.jsonschema.processors.validation.ValidationProcessor.process(ValidationProcessor.java:56)
	at com.github.fge.jsonschema.processors.validation.ValidationProcessor.process(ValidationProcessor.java:34)
	at com.github.fge.jsonschema.core.processing.ProcessingResult.of(ProcessingResult.java:79)
	at com.github.fge.jsonschema.main.JsonSchema.doValidate(JsonSchema.java:76)
	at com.github.fge.jsonschema.main.JsonSchema.validate(JsonSchema.java:109)
	at com.github.fge.jsonschema.main.JsonSchema.validate(JsonSchema.java:125)
	at es.berry.restyle.core.Main.main(Main.java:123)
	at sun.reflect.NativeMethodAccessorImpl.invoke0(Native Method)
	at sun.reflect.NativeMethodAccessorImpl.invoke(NativeMethodAccessorImpl.java:62)
	at sun.reflect.DelegatingMethodAccessorImpl.invoke(DelegatingMethodAccessorImpl.java:43)
	at java.lang.reflect.Method.invoke(Method.java:498)
	at com.intellij.rt.execution.application.AppMain.main(AppMain.java:144)

2016-03-26 20:29:03 - An unexpected error occurred: unhandled token type NOT_AVAILABLE
	-> More info:
java.lang.NullPointerException: unhandled token type NOT_AVAILABLE
	at com.google.common.base.Preconditions.checkNotNull(Preconditions.java:229)
	at com.github.fge.jackson.NodeType.getNodeType(NodeType.java:144)
	at com.github.fge.jsonschema.processors.data.SchemaContext.<init>(SchemaContext.java:49)
	at com.github.fge.jsonschema.processors.validation.InstanceValidator.process(InstanceValidator.java:104)
	at com.github.fge.jsonschema.processors.validation.InstanceValidator.processObject(InstanceValidator.java:218)
	at com.github.fge.jsonschema.processors.validation.InstanceValidator.process(InstanceValidator.java:151)
	at com.github.fge.jsonschema.processors.validation.ValidationProcessor.process(ValidationProcessor.java:56)
	at com.github.fge.jsonschema.processors.validation.ValidationProcessor.process(ValidationProcessor.java:34)
	at com.github.fge.jsonschema.core.processing.ProcessingResult.of(ProcessingResult.java:79)
	at com.github.fge.jsonschema.main.JsonSchema.doValidate(JsonSchema.java:76)
	at com.github.fge.jsonschema.main.JsonSchema.validate(JsonSchema.java:109)
	at com.github.fge.jsonschema.main.JsonSchema.validate(JsonSchema.java:125)
	at es.berry.restyle.core.Main.main(Main.java:123)
	at sun.reflect.NativeMethodAccessorImpl.invoke0(Native Method)
	at sun.reflect.NativeMethodAccessorImpl.invoke(NativeMethodAccessorImpl.java:62)
	at sun.reflect.DelegatingMethodAccessorImpl.invoke(DelegatingMethodAccessorImpl.java:43)
	at java.lang.reflect.Method.invoke(Method.java:498)
	at com.intellij.rt.execution.application.AppMain.main(AppMain.java:144)

2016-03-26 20:30:16 - Error reading the specification file: /home/daniel/Code/RESTyle/Engine/src/main/resources/examples/abc (No such file or directory)
	-> More info:
java.io.FileNotFoundException: /home/daniel/Code/RESTyle/Engine/src/main/resources/examples/abc (No such file or directory)
	at java.io.FileInputStream.open0(Native Method)
	at java.io.FileInputStream.open(FileInputStream.java:195)
	at java.io.FileInputStream.<init>(FileInputStream.java:138)
	at java.io.FileInputStream.<init>(FileInputStream.java:93)
	at com.fasterxml.jackson.core.JsonFactory._optimizedStreamFromURL(JsonFactory.java:1471)
	at com.fasterxml.jackson.core.JsonFactory.createParser(JsonFactory.java:780)
	at com.fasterxml.jackson.databind.ObjectMapper.readTree(ObjectMapper.java:2401)
	at me.andrz.jackson.JsonReferenceProcessor.putIntoCache(JsonReferenceProcessor.java:301)
	at me.andrz.jackson.JsonReferenceProcessor.read(JsonReferenceProcessor.java:274)
	at me.andrz.jackson.JsonReferenceProcessor.resolveFromContextToContext(JsonReferenceProcessor.java:240)
	at me.andrz.jackson.JsonReferenceProcessor.getReplacementNode(JsonReferenceProcessor.java:198)
	at me.andrz.jackson.JsonReferenceProcessor.process(JsonReferenceProcessor.java:169)
	at me.andrz.jackson.JsonReferenceProcessor.process(JsonReferenceProcessor.java:107)
	at me.andrz.jackson.JsonReferenceProcessor.process(JsonReferenceProcessor.java:90)
	at es.berry.restyle.utils.Json.resolveReferences(Json.java:31)
	at es.berry.restyle.core.Main.main(Main.java:98)
	at sun.reflect.NativeMethodAccessorImpl.invoke0(Native Method)
	at sun.reflect.NativeMethodAccessorImpl.invoke(NativeMethodAccessorImpl.java:62)
	at sun.reflect.DelegatingMethodAccessorImpl.invoke(DelegatingMethodAccessorImpl.java:43)
	at java.lang.reflect.Method.invoke(Method.java:498)
	at com.intellij.rt.execution.application.AppMain.main(AppMain.java:144)

2016-03-26 20:31:04 - Error reading the specification file (or a file referenced by it): /home/daniel/Code/RESTyle/Engine/src/main/resources/examples/abc (No such file or directory)
	-> More info:
java.io.FileNotFoundException: /home/daniel/Code/RESTyle/Engine/src/main/resources/examples/abc (No such file or directory)
	at java.io.FileInputStream.open0(Native Method)
	at java.io.FileInputStream.open(FileInputStream.java:195)
	at java.io.FileInputStream.<init>(FileInputStream.java:138)
	at java.io.FileInputStream.<init>(FileInputStream.java:93)
	at com.fasterxml.jackson.core.JsonFactory._optimizedStreamFromURL(JsonFactory.java:1471)
	at com.fasterxml.jackson.core.JsonFactory.createParser(JsonFactory.java:780)
	at com.fasterxml.jackson.databind.ObjectMapper.readTree(ObjectMapper.java:2401)
	at me.andrz.jackson.JsonReferenceProcessor.putIntoCache(JsonReferenceProcessor.java:301)
	at me.andrz.jackson.JsonReferenceProcessor.read(JsonReferenceProcessor.java:274)
	at me.andrz.jackson.JsonReferenceProcessor.resolveFromContextToContext(JsonReferenceProcessor.java:240)
	at me.andrz.jackson.JsonReferenceProcessor.getReplacementNode(JsonReferenceProcessor.java:198)
	at me.andrz.jackson.JsonReferenceProcessor.process(JsonReferenceProcessor.java:169)
	at me.andrz.jackson.JsonReferenceProcessor.process(JsonReferenceProcessor.java:107)
	at me.andrz.jackson.JsonReferenceProcessor.process(JsonReferenceProcessor.java:90)
	at es.berry.restyle.utils.Json.resolveReferences(Json.java:31)
	at es.berry.restyle.core.Main.main(Main.java:98)
	at sun.reflect.NativeMethodAccessorImpl.invoke0(Native Method)
	at sun.reflect.NativeMethodAccessorImpl.invoke(NativeMethodAccessorImpl.java:62)
	at sun.reflect.DelegatingMethodAccessorImpl.invoke(DelegatingMethodAccessorImpl.java:43)
	at java.lang.reflect.Method.invoke(Method.java:498)
	at com.intellij.rt.execution.application.AppMain.main(AppMain.java:144)

2016-03-26 20:31:21 - An unexpected error occurred: unhandled token type NOT_AVAILABLE
	-> More info:
java.lang.NullPointerException: unhandled token type NOT_AVAILABLE
	at com.google.common.base.Preconditions.checkNotNull(Preconditions.java:229)
	at com.github.fge.jackson.NodeType.getNodeType(NodeType.java:144)
	at com.github.fge.jsonschema.processors.data.SchemaContext.<init>(SchemaContext.java:49)
	at com.github.fge.jsonschema.processors.validation.InstanceValidator.process(InstanceValidator.java:104)
	at com.github.fge.jsonschema.processors.validation.InstanceValidator.processObject(InstanceValidator.java:218)
	at com.github.fge.jsonschema.processors.validation.InstanceValidator.process(InstanceValidator.java:151)
	at com.github.fge.jsonschema.processors.validation.ValidationProcessor.process(ValidationProcessor.java:56)
	at com.github.fge.jsonschema.processors.validation.ValidationProcessor.process(ValidationProcessor.java:34)
	at com.github.fge.jsonschema.core.processing.ProcessingResult.of(ProcessingResult.java:79)
	at com.github.fge.jsonschema.main.JsonSchema.doValidate(JsonSchema.java:76)
	at com.github.fge.jsonschema.main.JsonSchema.validate(JsonSchema.java:109)
	at com.github.fge.jsonschema.main.JsonSchema.validate(JsonSchema.java:125)
	at es.berry.restyle.core.Main.main(Main.java:123)
	at sun.reflect.NativeMethodAccessorImpl.invoke0(Native Method)
	at sun.reflect.NativeMethodAccessorImpl.invoke(NativeMethodAccessorImpl.java:62)
	at sun.reflect.DelegatingMethodAccessorImpl.invoke(DelegatingMethodAccessorImpl.java:43)
	at java.lang.reflect.Method.invoke(Method.java:498)
	at com.intellij.rt.execution.application.AppMain.main(AppMain.java:144)

2016-03-26 20:32:23 - An unexpected error occurred: unhandled token type NOT_AVAILABLE
	-> More info:
java.lang.NullPointerException: unhandled token type NOT_AVAILABLE
	at com.google.common.base.Preconditions.checkNotNull(Preconditions.java:229)
	at com.github.fge.jackson.NodeType.getNodeType(NodeType.java:144)
	at com.github.fge.jsonschema.processors.data.SchemaContext.<init>(SchemaContext.java:49)
	at com.github.fge.jsonschema.processors.validation.InstanceValidator.process(InstanceValidator.java:104)
	at com.github.fge.jsonschema.processors.validation.InstanceValidator.processObject(InstanceValidator.java:218)
	at com.github.fge.jsonschema.processors.validation.InstanceValidator.process(InstanceValidator.java:151)
	at com.github.fge.jsonschema.processors.validation.ValidationProcessor.process(ValidationProcessor.java:56)
	at com.github.fge.jsonschema.processors.validation.ValidationProcessor.process(ValidationProcessor.java:34)
	at com.github.fge.jsonschema.core.processing.ProcessingResult.of(ProcessingResult.java:79)
	at com.github.fge.jsonschema.main.JsonSchema.doValidate(JsonSchema.java:76)
	at com.github.fge.jsonschema.main.JsonSchema.validate(JsonSchema.java:109)
	at com.github.fge.jsonschema.main.JsonSchema.validate(JsonSchema.java:125)
	at es.berry.restyle.core.Main.main(Main.java:123)
	at sun.reflect.NativeMethodAccessorImpl.invoke0(Native Method)
	at sun.reflect.NativeMethodAccessorImpl.invoke(NativeMethodAccessorImpl.java:62)
	at sun.reflect.DelegatingMethodAccessorImpl.invoke(DelegatingMethodAccessorImpl.java:43)
	at java.lang.reflect.Method.invoke(Method.java:498)
	at com.intellij.rt.execution.application.AppMain.main(AppMain.java:144)

2016-03-26 20:32:30 - An unexpected error occurred: unhandled token type NOT_AVAILABLE
	-> More info:
java.lang.NullPointerException: unhandled token type NOT_AVAILABLE
	at com.google.common.base.Preconditions.checkNotNull(Preconditions.java:229)
	at com.github.fge.jackson.NodeType.getNodeType(NodeType.java:144)
	at com.github.fge.jsonschema.processors.data.SchemaContext.<init>(SchemaContext.java:49)
	at com.github.fge.jsonschema.processors.validation.InstanceValidator.process(InstanceValidator.java:104)
	at com.github.fge.jsonschema.processors.validation.InstanceValidator.processObject(InstanceValidator.java:218)
	at com.github.fge.jsonschema.processors.validation.InstanceValidator.process(InstanceValidator.java:151)
	at com.github.fge.jsonschema.processors.validation.ValidationProcessor.process(ValidationProcessor.java:56)
	at com.github.fge.jsonschema.processors.validation.ValidationProcessor.process(ValidationProcessor.java:34)
	at com.github.fge.jsonschema.core.processing.ProcessingResult.of(ProcessingResult.java:79)
	at com.github.fge.jsonschema.main.JsonSchema.doValidate(JsonSchema.java:76)
	at com.github.fge.jsonschema.main.JsonSchema.validate(JsonSchema.java:109)
	at com.github.fge.jsonschema.main.JsonSchema.validate(JsonSchema.java:125)
	at es.berry.restyle.core.Main.main(Main.java:123)
	at sun.reflect.NativeMethodAccessorImpl.invoke0(Native Method)
	at sun.reflect.NativeMethodAccessorImpl.invoke(NativeMethodAccessorImpl.java:62)
	at sun.reflect.DelegatingMethodAccessorImpl.invoke(DelegatingMethodAccessorImpl.java:43)
	at java.lang.reflect.Method.invoke(Method.java:498)
	at com.intellij.rt.execution.application.AppMain.main(AppMain.java:144)

2016-03-26 20:32:36 - An unexpected error occurred: unhandled token type NOT_AVAILABLE
	-> More info:
java.lang.NullPointerException: unhandled token type NOT_AVAILABLE
	at com.google.common.base.Preconditions.checkNotNull(Preconditions.java:229)
	at com.github.fge.jackson.NodeType.getNodeType(NodeType.java:144)
	at com.github.fge.jsonschema.processors.data.SchemaContext.<init>(SchemaContext.java:49)
	at com.github.fge.jsonschema.processors.validation.InstanceValidator.process(InstanceValidator.java:104)
	at com.github.fge.jsonschema.processors.validation.InstanceValidator.processObject(InstanceValidator.java:218)
	at com.github.fge.jsonschema.processors.validation.InstanceValidator.process(InstanceValidator.java:151)
	at com.github.fge.jsonschema.processors.validation.ValidationProcessor.process(ValidationProcessor.java:56)
	at com.github.fge.jsonschema.processors.validation.ValidationProcessor.process(ValidationProcessor.java:34)
	at com.github.fge.jsonschema.core.processing.ProcessingResult.of(ProcessingResult.java:79)
	at com.github.fge.jsonschema.main.JsonSchema.doValidate(JsonSchema.java:76)
	at com.github.fge.jsonschema.main.JsonSchema.validate(JsonSchema.java:109)
	at com.github.fge.jsonschema.main.JsonSchema.validate(JsonSchema.java:125)
	at es.berry.restyle.core.Main.main(Main.java:123)
	at sun.reflect.NativeMethodAccessorImpl.invoke0(Native Method)
	at sun.reflect.NativeMethodAccessorImpl.invoke(NativeMethodAccessorImpl.java:62)
	at sun.reflect.DelegatingMethodAccessorImpl.invoke(DelegatingMethodAccessorImpl.java:43)
	at java.lang.reflect.Method.invoke(Method.java:498)
	at com.intellij.rt.execution.application.AppMain.main(AppMain.java:144)

2016-03-26 20:34:22 - An unexpected error occurred: null
	-> More info:
java.lang.NullPointerException
	at es.berry.restyle.core.Main.main(Main.java:110)
	at sun.reflect.NativeMethodAccessorImpl.invoke0(Native Method)
	at sun.reflect.NativeMethodAccessorImpl.invoke(NativeMethodAccessorImpl.java:62)
	at sun.reflect.DelegatingMethodAccessorImpl.invoke(DelegatingMethodAccessorImpl.java:43)
	at java.lang.reflect.Method.invoke(Method.java:498)
	at com.intellij.rt.execution.application.AppMain.main(AppMain.java:144)

2016-03-26 20:34:31 - An unexpected error occurred: unhandled token type NOT_AVAILABLE
	-> More info:
java.lang.NullPointerException: unhandled token type NOT_AVAILABLE
	at com.google.common.base.Preconditions.checkNotNull(Preconditions.java:229)
	at com.github.fge.jackson.NodeType.getNodeType(NodeType.java:144)
	at com.github.fge.jsonschema.processors.data.SchemaContext.<init>(SchemaContext.java:49)
	at com.github.fge.jsonschema.processors.validation.InstanceValidator.process(InstanceValidator.java:104)
	at com.github.fge.jsonschema.processors.validation.InstanceValidator.processObject(InstanceValidator.java:218)
	at com.github.fge.jsonschema.processors.validation.InstanceValidator.process(InstanceValidator.java:151)
	at com.github.fge.jsonschema.processors.validation.ValidationProcessor.process(ValidationProcessor.java:56)
	at com.github.fge.jsonschema.processors.validation.ValidationProcessor.process(ValidationProcessor.java:34)
	at com.github.fge.jsonschema.core.processing.ProcessingResult.of(ProcessingResult.java:79)
	at com.github.fge.jsonschema.main.JsonSchema.doValidate(JsonSchema.java:76)
	at com.github.fge.jsonschema.main.JsonSchema.validate(JsonSchema.java:109)
	at com.github.fge.jsonschema.main.JsonSchema.validate(JsonSchema.java:125)
	at es.berry.restyle.core.Main.main(Main.java:123)
	at sun.reflect.NativeMethodAccessorImpl.invoke0(Native Method)
	at sun.reflect.NativeMethodAccessorImpl.invoke(NativeMethodAccessorImpl.java:62)
	at sun.reflect.DelegatingMethodAccessorImpl.invoke(DelegatingMethodAccessorImpl.java:43)
	at java.lang.reflect.Method.invoke(Method.java:498)
	at com.intellij.rt.execution.application.AppMain.main(AppMain.java:144)

2016-03-26 20:43:43 - An unexpected error occurred: unhandled token type NOT_AVAILABLE
	-> More info:
java.lang.NullPointerException: unhandled token type NOT_AVAILABLE
	at com.google.common.base.Preconditions.checkNotNull(Preconditions.java:229)
	at com.github.fge.jackson.NodeType.getNodeType(NodeType.java:144)
	at com.github.fge.jsonschema.processors.data.SchemaContext.<init>(SchemaContext.java:49)
	at com.github.fge.jsonschema.processors.validation.InstanceValidator.process(InstanceValidator.java:104)
	at com.github.fge.jsonschema.processors.validation.InstanceValidator.processObject(InstanceValidator.java:218)
	at com.github.fge.jsonschema.processors.validation.InstanceValidator.process(InstanceValidator.java:151)
	at com.github.fge.jsonschema.processors.validation.ValidationProcessor.process(ValidationProcessor.java:56)
	at com.github.fge.jsonschema.processors.validation.ValidationProcessor.process(ValidationProcessor.java:34)
	at com.github.fge.jsonschema.core.processing.ProcessingResult.of(ProcessingResult.java:79)
	at com.github.fge.jsonschema.main.JsonSchema.doValidate(JsonSchema.java:76)
	at com.github.fge.jsonschema.main.JsonSchema.validate(JsonSchema.java:109)
	at com.github.fge.jsonschema.main.JsonSchema.validate(JsonSchema.java:125)
	at es.berry.restyle.core.Main.main(Main.java:123)
	at sun.reflect.NativeMethodAccessorImpl.invoke0(Native Method)
	at sun.reflect.NativeMethodAccessorImpl.invoke(NativeMethodAccessorImpl.java:62)
	at sun.reflect.DelegatingMethodAccessorImpl.invoke(DelegatingMethodAccessorImpl.java:43)
	at java.lang.reflect.Method.invoke(Method.java:498)
	at com.intellij.rt.execution.application.AppMain.main(AppMain.java:144)

2016-03-27 19:43:50 - A value must be specified for option output.
2016-03-27 19:44:12 - An unexpected error occurred: null
	-> More info:
java.lang.NullPointerException
	at es.berry.restyle.specification.AdvanceValidator.checkIdGenerationConflicts(AdvanceValidator.java:32)
	at es.berry.restyle.specification.AdvanceValidator.validate(AdvanceValidator.java:24)
	at es.berry.restyle.core.Main.main(Main.java:159)
	at sun.reflect.NativeMethodAccessorImpl.invoke0(Native Method)
	at sun.reflect.NativeMethodAccessorImpl.invoke(NativeMethodAccessorImpl.java:62)
	at sun.reflect.DelegatingMethodAccessorImpl.invoke(DelegatingMethodAccessorImpl.java:43)
	at java.lang.reflect.Method.invoke(Method.java:498)
	at com.intellij.rt.execution.application.AppMain.main(AppMain.java:144)

2016-03-27 19:45:12 - Impossible to find generate method: es.berry.restyle.generators.MysqlCreationScript.<init>(es.berry.restyle.specification.generated.Spec, java.lang.String)
	-> More info:
java.lang.NoSuchMethodException: es.berry.restyle.generators.MysqlCreationScript.<init>(es.berry.restyle.specification.generated.Spec, java.lang.String)
	at java.lang.Class.getConstructor0(Class.java:3082)
	at java.lang.Class.getConstructor(Class.java:1825)
	at es.berry.restyle.core.Main.main(Main.java:184)
	at sun.reflect.NativeMethodAccessorImpl.invoke0(Native Method)
	at sun.reflect.NativeMethodAccessorImpl.invoke(NativeMethodAccessorImpl.java:62)
	at sun.reflect.DelegatingMethodAccessorImpl.invoke(DelegatingMethodAccessorImpl.java:43)
	at java.lang.reflect.Method.invoke(Method.java:498)
	at com.intellij.rt.execution.application.AppMain.main(AppMain.java:144)

2016-03-27 19:47:14 - Impossible to find generate method: es.berry.restyle.generators.MysqlCreationScript.<init>(es.berry.restyle.specification.generated.Spec, java.lang.String)
	-> More info:
java.lang.NoSuchMethodException: es.berry.restyle.generators.MysqlCreationScript.<init>(es.berry.restyle.specification.generated.Spec, java.lang.String)
	at java.lang.Class.getConstructor0(Class.java:3082)
	at java.lang.Class.getConstructor(Class.java:1825)
	at es.berry.restyle.core.Main.main(Main.java:184)
	at sun.reflect.NativeMethodAccessorImpl.invoke0(Native Method)
	at sun.reflect.NativeMethodAccessorImpl.invoke(NativeMethodAccessorImpl.java:62)
	at sun.reflect.DelegatingMethodAccessorImpl.invoke(DelegatingMethodAccessorImpl.java:43)
	at java.lang.reflect.Method.invoke(Method.java:498)
	at com.intellij.rt.execution.application.AppMain.main(AppMain.java:144)

2016-03-27 19:47:19 - Impossible to find generate method: es.berry.restyle.generators.MysqlCreationScript.<init>(es.berry.restyle.specification.generated.Spec, java.lang.String)
	-> More info:
java.lang.NoSuchMethodException: es.berry.restyle.generators.MysqlCreationScript.<init>(es.berry.restyle.specification.generated.Spec, java.lang.String)
	at java.lang.Class.getConstructor0(Class.java:3082)
	at java.lang.Class.getConstructor(Class.java:1825)
	at es.berry.restyle.core.Main.main(Main.java:184)
	at sun.reflect.NativeMethodAccessorImpl.invoke0(Native Method)
	at sun.reflect.NativeMethodAccessorImpl.invoke(NativeMethodAccessorImpl.java:62)
	at sun.reflect.DelegatingMethodAccessorImpl.invoke(DelegatingMethodAccessorImpl.java:43)
	at java.lang.reflect.Method.invoke(Method.java:498)
	at com.intellij.rt.execution.application.AppMain.main(AppMain.java:144)

2016-03-27 19:47:27 - Impossible to find generate method: es.berry.restyle.generators.MysqlCreationScript.<init>(es.berry.restyle.specification.generated.Spec, java.lang.String)
	-> More info:
java.lang.NoSuchMethodException: es.berry.restyle.generators.MysqlCreationScript.<init>(es.berry.restyle.specification.generated.Spec, java.lang.String)
	at java.lang.Class.getConstructor0(Class.java:3082)
	at java.lang.Class.getConstructor(Class.java:1825)
	at es.berry.restyle.core.Main.main(Main.java:184)
	at sun.reflect.NativeMethodAccessorImpl.invoke0(Native Method)
	at sun.reflect.NativeMethodAccessorImpl.invoke(NativeMethodAccessorImpl.java:62)
	at sun.reflect.DelegatingMethodAccessorImpl.invoke(DelegatingMethodAccessorImpl.java:43)
	at java.lang.reflect.Method.invoke(Method.java:498)
	at com.intellij.rt.execution.application.AppMain.main(AppMain.java:144)

2016-03-27 19:49:04 - Impossible to find generate method: es.berry.restyle.generators.MysqlCreationScript.<init>(es.berry.restyle.specification.generated.Spec, java.io.File)
	-> More info:
java.lang.NoSuchMethodException: es.berry.restyle.generators.MysqlCreationScript.<init>(es.berry.restyle.specification.generated.Spec, java.io.File)
	at java.lang.Class.getConstructor0(Class.java:3082)
	at java.lang.Class.getConstructor(Class.java:1825)
	at es.berry.restyle.core.Main.main(Main.java:184)
	at sun.reflect.NativeMethodAccessorImpl.invoke0(Native Method)
	at sun.reflect.NativeMethodAccessorImpl.invoke(NativeMethodAccessorImpl.java:62)
	at sun.reflect.DelegatingMethodAccessorImpl.invoke(DelegatingMethodAccessorImpl.java:43)
	at java.lang.reflect.Method.invoke(Method.java:498)
	at com.intellij.rt.execution.application.AppMain.main(AppMain.java:144)

2016-03-27 19:49:59 - Impossible to find generate method: es.berry.restyle.generators.MysqlCreationScript.<init>(es.berry.restyle.specification.generated.Spec, java.io.File)
	-> More info:
java.lang.NoSuchMethodException: es.berry.restyle.generators.MysqlCreationScript.<init>(es.berry.restyle.specification.generated.Spec, java.io.File)
	at java.lang.Class.getConstructor0(Class.java:3082)
	at java.lang.Class.getConstructor(Class.java:1825)
	at es.berry.restyle.core.Main.main(Main.java:185)
	at sun.reflect.NativeMethodAccessorImpl.invoke0(Native Method)
	at sun.reflect.NativeMethodAccessorImpl.invoke(NativeMethodAccessorImpl.java:62)
	at sun.reflect.DelegatingMethodAccessorImpl.invoke(DelegatingMethodAccessorImpl.java:43)
	at java.lang.reflect.Method.invoke(Method.java:498)
	at com.intellij.rt.execution.application.AppMain.main(AppMain.java:144)

2016-03-27 19:50:12 - Impossible to find generate method: es.berry.restyle.generators.MysqlCreationScript.<init>(es.berry.restyle.specification.generated.Spec, java.io.File)
	-> More info:
java.lang.NoSuchMethodException: es.berry.restyle.generators.MysqlCreationScript.<init>(es.berry.restyle.specification.generated.Spec, java.io.File)
	at java.lang.Class.getConstructor0(Class.java:3082)
	at java.lang.Class.getConstructor(Class.java:1825)
	at es.berry.restyle.core.Main.main(Main.java:185)
	at sun.reflect.NativeMethodAccessorImpl.invoke0(Native Method)
	at sun.reflect.NativeMethodAccessorImpl.invoke(NativeMethodAccessorImpl.java:62)
	at sun.reflect.DelegatingMethodAccessorImpl.invoke(DelegatingMethodAccessorImpl.java:43)
	at java.lang.reflect.Method.invoke(Method.java:498)
	at com.intellij.rt.execution.application.AppMain.main(AppMain.java:144)

2016-03-27 19:50:24 - The output directory does not exist and could not be created.
2016-03-27 19:51:09 - Impossible to find generate method: es.berry.restyle.generators.MysqlCreationScript.<init>(es.berry.restyle.specification.generated.Spec, java.io.File)
	-> More info:
java.lang.NoSuchMethodException: es.berry.restyle.generators.MysqlCreationScript.<init>(es.berry.restyle.specification.generated.Spec, java.io.File)
	at java.lang.Class.getConstructor0(Class.java:3082)
	at java.lang.Class.getConstructor(Class.java:1825)
	at es.berry.restyle.core.Main.main(Main.java:187)
	at sun.reflect.NativeMethodAccessorImpl.invoke0(Native Method)
	at sun.reflect.NativeMethodAccessorImpl.invoke(NativeMethodAccessorImpl.java:62)
	at sun.reflect.DelegatingMethodAccessorImpl.invoke(DelegatingMethodAccessorImpl.java:43)
	at java.lang.reflect.Method.invoke(Method.java:498)
	at com.intellij.rt.execution.application.AppMain.main(AppMain.java:144)

2016-03-27 19:51:43 - Impossible to find generate method: es.berry.restyle.generators.MysqlCreationScript.<init>(es.berry.restyle.specification.generated.Spec, java.io.File)
	-> More info:
java.lang.NoSuchMethodException: es.berry.restyle.generators.MysqlCreationScript.<init>(es.berry.restyle.specification.generated.Spec, java.io.File)
	at java.lang.Class.getConstructor0(Class.java:3082)
	at java.lang.Class.getConstructor(Class.java:1825)
	at es.berry.restyle.core.Main.main(Main.java:184)
	at sun.reflect.NativeMethodAccessorImpl.invoke0(Native Method)
	at sun.reflect.NativeMethodAccessorImpl.invoke(NativeMethodAccessorImpl.java:62)
	at sun.reflect.DelegatingMethodAccessorImpl.invoke(DelegatingMethodAccessorImpl.java:43)
	at java.lang.reflect.Method.invoke(Method.java:498)
	at com.intellij.rt.execution.application.AppMain.main(AppMain.java:144)

2016-03-27 19:53:01 - Impossible to find generate method: es.berry.restyle.generators.MysqlCreationScript.<init>(es.berry.restyle.specification.generated.Spec, java.io.File)
	-> More info:
java.lang.NoSuchMethodException: es.berry.restyle.generators.MysqlCreationScript.<init>(es.berry.restyle.specification.generated.Spec, java.io.File)
	at java.lang.Class.getConstructor0(Class.java:3082)
	at java.lang.Class.getConstructor(Class.java:1825)
	at es.berry.restyle.core.Main.main(Main.java:184)
	at sun.reflect.NativeMethodAccessorImpl.invoke0(Native Method)
	at sun.reflect.NativeMethodAccessorImpl.invoke(NativeMethodAccessorImpl.java:62)
	at sun.reflect.DelegatingMethodAccessorImpl.invoke(DelegatingMethodAccessorImpl.java:43)
	at java.lang.reflect.Method.invoke(Method.java:498)
	at com.intellij.rt.execution.application.AppMain.main(AppMain.java:144)

2016-03-27 19:54:23 - Impossible to find generate method: es.berry.restyle.generators.MysqlCreationScript.<init>(es.berry.restyle.specification.generated.Spec, java.io.File)
	-> More info:
java.lang.NoSuchMethodException: es.berry.restyle.generators.MysqlCreationScript.<init>(es.berry.restyle.specification.generated.Spec, java.io.File)
	at java.lang.Class.getConstructor0(Class.java:3082)
	at java.lang.Class.getConstructor(Class.java:1825)
	at es.berry.restyle.core.Main.main(Main.java:184)
	at sun.reflect.NativeMethodAccessorImpl.invoke0(Native Method)
	at sun.reflect.NativeMethodAccessorImpl.invoke(NativeMethodAccessorImpl.java:62)
	at sun.reflect.DelegatingMethodAccessorImpl.invoke(DelegatingMethodAccessorImpl.java:43)
	at java.lang.reflect.Method.invoke(Method.java:498)
	at com.intellij.rt.execution.application.AppMain.main(AppMain.java:144)

2016-03-27 19:54:36 - Impossible to find generate method: es.berry.restyle.generators.MysqlCreationScript.<init>(es.berry.restyle.specification.generated.Spec, java.io.File)
	-> More info:
java.lang.NoSuchMethodException: es.berry.restyle.generators.MysqlCreationScript.<init>(es.berry.restyle.specification.generated.Spec, java.io.File)
	at java.lang.Class.getConstructor0(Class.java:3082)
	at java.lang.Class.getConstructor(Class.java:1825)
	at es.berry.restyle.core.Main.main(Main.java:184)
	at sun.reflect.NativeMethodAccessorImpl.invoke0(Native Method)
	at sun.reflect.NativeMethodAccessorImpl.invoke(NativeMethodAccessorImpl.java:62)
	at sun.reflect.DelegatingMethodAccessorImpl.invoke(DelegatingMethodAccessorImpl.java:43)
	at java.lang.reflect.Method.invoke(Method.java:498)
	at com.intellij.rt.execution.application.AppMain.main(AppMain.java:144)

2016-03-27 19:54:57 - Impossible to find generate method: es.berry.restyle.generators.MysqlCreationScript.<init>(es.berry.restyle.specification.generated.Spec, java.io.File)
	-> More info:
java.lang.NoSuchMethodException: es.berry.restyle.generators.MysqlCreationScript.<init>(es.berry.restyle.specification.generated.Spec, java.io.File)
	at java.lang.Class.getConstructor0(Class.java:3082)
	at java.lang.Class.getConstructor(Class.java:1825)
	at es.berry.restyle.core.Main.main(Main.java:184)
	at sun.reflect.NativeMethodAccessorImpl.invoke0(Native Method)
	at sun.reflect.NativeMethodAccessorImpl.invoke(NativeMethodAccessorImpl.java:62)
	at sun.reflect.DelegatingMethodAccessorImpl.invoke(DelegatingMethodAccessorImpl.java:43)
	at java.lang.reflect.Method.invoke(Method.java:498)
	at com.intellij.rt.execution.application.AppMain.main(AppMain.java:144)

2016-03-27 19:57:14 - Impossible to invoke generate method: null
	-> More info:
java.lang.reflect.InvocationTargetException
	at sun.reflect.NativeConstructorAccessorImpl.newInstance0(Native Method)
	at sun.reflect.NativeConstructorAccessorImpl.newInstance(NativeConstructorAccessorImpl.java:62)
	at sun.reflect.DelegatingConstructorAccessorImpl.newInstance(DelegatingConstructorAccessorImpl.java:45)
	at java.lang.reflect.Constructor.newInstance(Constructor.java:423)
	at es.berry.restyle.core.Main.main(Main.java:184)
	at sun.reflect.NativeMethodAccessorImpl.invoke0(Native Method)
	at sun.reflect.NativeMethodAccessorImpl.invoke(NativeMethodAccessorImpl.java:62)
	at sun.reflect.DelegatingMethodAccessorImpl.invoke(DelegatingMethodAccessorImpl.java:43)
	at java.lang.reflect.Method.invoke(Method.java:498)
	at com.intellij.rt.execution.application.AppMain.main(AppMain.java:144)
Caused by: java.lang.RuntimeException: The Generator default constructor is not expected to be called.
	at es.berry.restyle.core.Generator.<init>(Generator.java:14)
	at es.berry.restyle.generators.MysqlCreationScript.<init>(MysqlCreationScript.java:38)
	... 10 more

